[INFO ] 2020-04-12 11:54:54 [main] o.s.b.t.c.SpringBootTestContextBootstrapper - Neither @ContextConfiguration nor @ContextHierarchy found for test class [com.zk.myspringboot.SpringBootApplicationTests], using SpringBootContextLoader
[INFO ] 2020-04-12 11:54:54 [main] o.s.t.c.s.AbstractContextLoader - Could not detect default resource locations for test class [com.zk.myspringboot.SpringBootApplicationTests]: no resource found for suffixes {-context.xml, Context.groovy}.
[INFO ] 2020-04-12 11:54:54 [main] o.s.t.c.s.AnnotationConfigContextLoaderUtils - Could not detect default configuration classes for test class [com.zk.myspringboot.SpringBootApplicationTests]: SpringBootApplicationTests does not declare any static, non-private, non-final, nested classes annotated with @Configuration.
[INFO ] 2020-04-12 11:54:54 [main] o.s.b.t.c.SpringBootTestContextBootstrapper - Found @SpringBootConfiguration com.zk.myspringboot.SpringBootApplicationFirst for test class com.zk.myspringboot.SpringBootApplicationTests
[INFO ] 2020-04-12 11:54:54 [main] o.s.b.t.c.SpringBootTestContextBootstrapper - Loaded default TestExecutionListener class names from location [META-INF/spring.factories]: [org.springframework.boot.test.mock.mockito.MockitoTestExecutionListener, org.springframework.boot.test.mock.mockito.ResetMocksTestExecutionListener, org.springframework.boot.test.autoconfigure.restdocs.RestDocsTestExecutionListener, org.springframework.boot.test.autoconfigure.web.client.MockRestServiceServerResetTestExecutionListener, org.springframework.boot.test.autoconfigure.web.servlet.MockMvcPrintOnlyOnFailureTestExecutionListener, org.springframework.boot.test.autoconfigure.web.servlet.WebDriverTestExecutionListener, org.springframework.test.context.web.ServletTestExecutionListener, org.springframework.test.context.support.DirtiesContextBeforeModesTestExecutionListener, org.springframework.test.context.support.DependencyInjectionTestExecutionListener, org.springframework.test.context.support.DirtiesContextTestExecutionListener, org.springframework.test.context.transaction.TransactionalTestExecutionListener, org.springframework.test.context.jdbc.SqlScriptsTestExecutionListener]
[INFO ] 2020-04-12 11:54:54 [main] o.s.b.t.c.SpringBootTestContextBootstrapper - Could not instantiate TestExecutionListener [org.springframework.test.context.jdbc.SqlScriptsTestExecutionListener]. Specify custom listener classes or make the default listener classes (and their required dependencies) available. Offending class: [org/springframework/transaction/interceptor/TransactionAttribute]
[INFO ] 2020-04-12 11:54:54 [main] o.s.b.t.c.SpringBootTestContextBootstrapper - Could not instantiate TestExecutionListener [org.springframework.test.context.transaction.TransactionalTestExecutionListener]. Specify custom listener classes or make the default listener classes (and their required dependencies) available. Offending class: [org/springframework/transaction/interceptor/TransactionAttributeSource]
[INFO ] 2020-04-12 11:54:54 [main] o.s.b.t.c.SpringBootTestContextBootstrapper - Using TestExecutionListeners: [org.springframework.test.context.web.ServletTestExecutionListener@4ae3c1cd, org.springframework.test.context.support.DirtiesContextBeforeModesTestExecutionListener@29f69090, org.springframework.boot.test.autoconfigure.SpringBootDependencyInjectionTestExecutionListener@568bf312, org.springframework.test.context.support.DirtiesContextTestExecutionListener@ca263c2, org.springframework.boot.test.mock.mockito.ResetMocksTestExecutionListener@589b3632, org.springframework.boot.test.autoconfigure.web.servlet.MockMvcPrintOnlyOnFailureTestExecutionListener@45f45fa1, org.springframework.boot.test.mock.mockito.MockitoTestExecutionListener@4c6e276e, org.springframework.boot.test.autoconfigure.restdocs.RestDocsTestExecutionListener@534df152, org.springframework.boot.test.autoconfigure.web.client.MockRestServiceServerResetTestExecutionListener@52e677af, org.springframework.boot.test.autoconfigure.web.servlet.WebDriverTestExecutionListener@35083305]
[INFO ] 2020-04-12 11:54:57 [main] c.z.m.SpringBootApplicationTests - Starting SpringBootApplicationTests on MS-20170731TKKC with PID 7172 (started by Administrator in E:\myeclipse2016workspace\myspringboot_009)
[INFO ] 2020-04-12 11:54:57 [main] c.z.m.SpringBootApplicationTests - No active profile set, falling back to default profiles: default
[INFO ] 2020-04-12 11:54:57 [main] o.s.w.c.s.GenericWebApplicationContext - Refreshing org.springframework.web.context.support.GenericWebApplicationContext@196a42c3: startup date [Sun Apr 12 11:54:57 GMT+08:00 2020]; root of context hierarchy
[INFO ] 2020-04-12 11:54:57 [background-preinit] o.h.validator.internal.util.Version - HV000001: Hibernate Validator 5.2.4.Final
[INFO ] 2020-04-12 11:54:57 [main] o.s.w.s.m.m.a.RequestMappingHandlerAdapter - Looking for @ControllerAdvice: org.springframework.web.context.support.GenericWebApplicationContext@196a42c3: startup date [Sun Apr 12 11:54:57 GMT+08:00 2020]; root of context hierarchy
[INFO ] 2020-04-12 11:54:57 [main] o.s.w.s.m.m.a.RequestMappingHandlerMapping - Mapped "{[/error]}" onto public org.springframework.http.ResponseEntity<java.util.Map<java.lang.String, java.lang.Object>> org.springframework.boot.autoconfigure.web.BasicErrorController.error(javax.servlet.http.HttpServletRequest)
[INFO ] 2020-04-12 11:54:57 [main] o.s.w.s.m.m.a.RequestMappingHandlerMapping - Mapped "{[/error],produces=[text/html]}" onto public org.springframework.web.servlet.ModelAndView org.springframework.boot.autoconfigure.web.BasicErrorController.errorHtml(javax.servlet.http.HttpServletRequest,javax.servlet.http.HttpServletResponse)
[INFO ] 2020-04-12 11:54:57 [main] o.s.w.s.h.SimpleUrlHandlerMapping - Mapped URL path [/webjars/**] onto handler of type [class org.springframework.web.servlet.resource.ResourceHttpRequestHandler]
[INFO ] 2020-04-12 11:54:57 [main] o.s.w.s.h.SimpleUrlHandlerMapping - Mapped URL path [/**] onto handler of type [class org.springframework.web.servlet.resource.ResourceHttpRequestHandler]
[INFO ] 2020-04-12 11:54:57 [main] o.s.w.s.h.SimpleUrlHandlerMapping - Mapped URL path [/**/favicon.ico] onto handler of type [class org.springframework.web.servlet.resource.ResourceHttpRequestHandler]
[INFO ] 2020-04-12 11:54:57 [main] c.z.m.SpringBootApplicationTests - Started SpringBootApplicationTests in 6.152 seconds (JVM running for 16.78)
[INFO ] 2020-04-12 11:54:57 [main] c.z.m.SpringBootApplicationTests - 这是info日志...
[INFO ] 2020-04-12 11:54:57 [Thread-1] o.s.w.c.s.GenericWebApplicationContext - Closing org.springframework.web.context.support.GenericWebApplicationContext@196a42c3: startup date [Sun Apr 12 11:54:57 GMT+08:00 2020]; root of context hierarchy
[INFO ] 2020-04-12 11:57:34 [main] o.s.b.t.c.SpringBootTestContextBootstrapper - Neither @ContextConfiguration nor @ContextHierarchy found for test class [com.zk.myspringboot.SpringBootApplicationTests], using SpringBootContextLoader
[INFO ] 2020-04-12 11:57:34 [main] o.s.t.c.s.AbstractContextLoader - Could not detect default resource locations for test class [com.zk.myspringboot.SpringBootApplicationTests]: no resource found for suffixes {-context.xml, Context.groovy}.
[INFO ] 2020-04-12 11:57:34 [main] o.s.t.c.s.AnnotationConfigContextLoaderUtils - Could not detect default configuration classes for test class [com.zk.myspringboot.SpringBootApplicationTests]: SpringBootApplicationTests does not declare any static, non-private, non-final, nested classes annotated with @Configuration.
[INFO ] 2020-04-12 11:57:34 [main] o.s.b.t.c.SpringBootTestContextBootstrapper - Found @SpringBootConfiguration com.zk.myspringboot.SpringBootApplicationFirst for test class com.zk.myspringboot.SpringBootApplicationTests
[INFO ] 2020-04-12 11:57:34 [main] o.s.b.t.c.SpringBootTestContextBootstrapper - Loaded default TestExecutionListener class names from location [META-INF/spring.factories]: [org.springframework.boot.test.mock.mockito.MockitoTestExecutionListener, org.springframework.boot.test.mock.mockito.ResetMocksTestExecutionListener, org.springframework.boot.test.autoconfigure.restdocs.RestDocsTestExecutionListener, org.springframework.boot.test.autoconfigure.web.client.MockRestServiceServerResetTestExecutionListener, org.springframework.boot.test.autoconfigure.web.servlet.MockMvcPrintOnlyOnFailureTestExecutionListener, org.springframework.boot.test.autoconfigure.web.servlet.WebDriverTestExecutionListener, org.springframework.test.context.web.ServletTestExecutionListener, org.springframework.test.context.support.DirtiesContextBeforeModesTestExecutionListener, org.springframework.test.context.support.DependencyInjectionTestExecutionListener, org.springframework.test.context.support.DirtiesContextTestExecutionListener, org.springframework.test.context.transaction.TransactionalTestExecutionListener, org.springframework.test.context.jdbc.SqlScriptsTestExecutionListener]
[INFO ] 2020-04-12 11:57:34 [main] o.s.b.t.c.SpringBootTestContextBootstrapper - Could not instantiate TestExecutionListener [org.springframework.test.context.jdbc.SqlScriptsTestExecutionListener]. Specify custom listener classes or make the default listener classes (and their required dependencies) available. Offending class: [org/springframework/transaction/interceptor/TransactionAttribute]
[INFO ] 2020-04-12 11:57:34 [main] o.s.b.t.c.SpringBootTestContextBootstrapper - Could not instantiate TestExecutionListener [org.springframework.test.context.transaction.TransactionalTestExecutionListener]. Specify custom listener classes or make the default listener classes (and their required dependencies) available. Offending class: [org/springframework/transaction/interceptor/TransactionAttributeSource]
[INFO ] 2020-04-12 11:57:34 [main] o.s.b.t.c.SpringBootTestContextBootstrapper - Using TestExecutionListeners: [org.springframework.test.context.web.ServletTestExecutionListener@4ae3c1cd, org.springframework.test.context.support.DirtiesContextBeforeModesTestExecutionListener@29f69090, org.springframework.boot.test.autoconfigure.SpringBootDependencyInjectionTestExecutionListener@568bf312, org.springframework.test.context.support.DirtiesContextTestExecutionListener@ca263c2, org.springframework.boot.test.mock.mockito.ResetMocksTestExecutionListener@589b3632, org.springframework.boot.test.autoconfigure.web.servlet.MockMvcPrintOnlyOnFailureTestExecutionListener@45f45fa1, org.springframework.boot.test.mock.mockito.MockitoTestExecutionListener@4c6e276e, org.springframework.boot.test.autoconfigure.restdocs.RestDocsTestExecutionListener@534df152, org.springframework.boot.test.autoconfigure.web.client.MockRestServiceServerResetTestExecutionListener@52e677af, org.springframework.boot.test.autoconfigure.web.servlet.WebDriverTestExecutionListener@35083305]
[INFO ] 2020-04-12 11:57:36 [main] c.z.m.SpringBootApplicationTests - Starting SpringBootApplicationTests on MS-20170731TKKC with PID 2152 (started by Administrator in E:\myeclipse2016workspace\myspringboot_009)
[INFO ] 2020-04-12 11:57:36 [main] c.z.m.SpringBootApplicationTests - No active profile set, falling back to default profiles: default
[INFO ] 2020-04-12 11:57:36 [main] o.s.w.c.s.GenericWebApplicationContext - Refreshing org.springframework.web.context.support.GenericWebApplicationContext@196a42c3: startup date [Sun Apr 12 11:57:36 GMT+08:00 2020]; root of context hierarchy
[INFO ] 2020-04-12 11:57:36 [background-preinit] o.h.validator.internal.util.Version - HV000001: Hibernate Validator 5.2.4.Final
[INFO ] 2020-04-12 11:57:36 [main] o.s.w.s.m.m.a.RequestMappingHandlerAdapter - Looking for @ControllerAdvice: org.springframework.web.context.support.GenericWebApplicationContext@196a42c3: startup date [Sun Apr 12 11:57:36 GMT+08:00 2020]; root of context hierarchy
[INFO ] 2020-04-12 11:57:36 [main] o.s.w.s.m.m.a.RequestMappingHandlerMapping - Mapped "{[/error]}" onto public org.springframework.http.ResponseEntity<java.util.Map<java.lang.String, java.lang.Object>> org.springframework.boot.autoconfigure.web.BasicErrorController.error(javax.servlet.http.HttpServletRequest)
[INFO ] 2020-04-12 11:57:36 [main] o.s.w.s.m.m.a.RequestMappingHandlerMapping - Mapped "{[/error],produces=[text/html]}" onto public org.springframework.web.servlet.ModelAndView org.springframework.boot.autoconfigure.web.BasicErrorController.errorHtml(javax.servlet.http.HttpServletRequest,javax.servlet.http.HttpServletResponse)
[INFO ] 2020-04-12 11:57:36 [main] o.s.w.s.h.SimpleUrlHandlerMapping - Mapped URL path [/webjars/**] onto handler of type [class org.springframework.web.servlet.resource.ResourceHttpRequestHandler]
[INFO ] 2020-04-12 11:57:36 [main] o.s.w.s.h.SimpleUrlHandlerMapping - Mapped URL path [/**] onto handler of type [class org.springframework.web.servlet.resource.ResourceHttpRequestHandler]
[INFO ] 2020-04-12 11:57:36 [main] o.s.w.s.h.SimpleUrlHandlerMapping - Mapped URL path [/**/favicon.ico] onto handler of type [class org.springframework.web.servlet.resource.ResourceHttpRequestHandler]
[INFO ] 2020-04-12 11:57:36 [main] c.z.m.SpringBootApplicationTests - Started SpringBootApplicationTests in 5.009 seconds (JVM running for 6.752)
[INFO ] 2020-04-12 11:57:36 [main] c.z.m.SpringBootApplicationTests - 这是info日志...
[INFO ] 2020-04-12 11:57:36 [Thread-1] o.s.w.c.s.GenericWebApplicationContext - Closing org.springframework.web.context.support.GenericWebApplicationContext@196a42c3: startup date [Sun Apr 12 11:57:36 GMT+08:00 2020]; root of context hierarchy
[INFO ] 2020-04-12 13:59:54 [main] o.s.b.t.c.SpringBootTestContextBootstrapper - Neither @ContextConfiguration nor @ContextHierarchy found for test class [com.zk.myspringboot.SpringBootApplicationTests], using SpringBootContextLoader
[INFO ] 2020-04-12 13:59:54 [main] o.s.t.c.s.AbstractContextLoader - Could not detect default resource locations for test class [com.zk.myspringboot.SpringBootApplicationTests]: no resource found for suffixes {-context.xml, Context.groovy}.
[INFO ] 2020-04-12 13:59:54 [main] o.s.t.c.s.AnnotationConfigContextLoaderUtils - Could not detect default configuration classes for test class [com.zk.myspringboot.SpringBootApplicationTests]: SpringBootApplicationTests does not declare any static, non-private, non-final, nested classes annotated with @Configuration.
[INFO ] 2020-04-12 13:59:54 [main] o.s.b.t.c.SpringBootTestContextBootstrapper - Found @SpringBootConfiguration com.zk.myspringboot.SpringBootApplicationFirst for test class com.zk.myspringboot.SpringBootApplicationTests
[INFO ] 2020-04-12 13:59:54 [main] o.s.b.t.c.SpringBootTestContextBootstrapper - Loaded default TestExecutionListener class names from location [META-INF/spring.factories]: [org.springframework.boot.test.mock.mockito.MockitoTestExecutionListener, org.springframework.boot.test.mock.mockito.ResetMocksTestExecutionListener, org.springframework.boot.test.autoconfigure.restdocs.RestDocsTestExecutionListener, org.springframework.boot.test.autoconfigure.web.client.MockRestServiceServerResetTestExecutionListener, org.springframework.boot.test.autoconfigure.web.servlet.MockMvcPrintOnlyOnFailureTestExecutionListener, org.springframework.boot.test.autoconfigure.web.servlet.WebDriverTestExecutionListener, org.springframework.test.context.web.ServletTestExecutionListener, org.springframework.test.context.support.DirtiesContextBeforeModesTestExecutionListener, org.springframework.test.context.support.DependencyInjectionTestExecutionListener, org.springframework.test.context.support.DirtiesContextTestExecutionListener, org.springframework.test.context.transaction.TransactionalTestExecutionListener, org.springframework.test.context.jdbc.SqlScriptsTestExecutionListener]
[INFO ] 2020-04-12 13:59:54 [main] o.s.b.t.c.SpringBootTestContextBootstrapper - Could not instantiate TestExecutionListener [org.springframework.test.context.jdbc.SqlScriptsTestExecutionListener]. Specify custom listener classes or make the default listener classes (and their required dependencies) available. Offending class: [org/springframework/transaction/interceptor/TransactionAttribute]
[INFO ] 2020-04-12 13:59:54 [main] o.s.b.t.c.SpringBootTestContextBootstrapper - Could not instantiate TestExecutionListener [org.springframework.test.context.transaction.TransactionalTestExecutionListener]. Specify custom listener classes or make the default listener classes (and their required dependencies) available. Offending class: [org/springframework/transaction/interceptor/TransactionAttributeSource]
[INFO ] 2020-04-12 13:59:54 [main] o.s.b.t.c.SpringBootTestContextBootstrapper - Using TestExecutionListeners: [org.springframework.test.context.web.ServletTestExecutionListener@341b80b2, org.springframework.test.context.support.DirtiesContextBeforeModesTestExecutionListener@55a1c291, org.springframework.boot.test.autoconfigure.SpringBootDependencyInjectionTestExecutionListener@2145433b, org.springframework.test.context.support.DirtiesContextTestExecutionListener@2890c451, org.springframework.boot.test.mock.mockito.ResetMocksTestExecutionListener@40e6dfe1, org.springframework.boot.test.autoconfigure.restdocs.RestDocsTestExecutionListener@1b083826, org.springframework.boot.test.mock.mockito.MockitoTestExecutionListener@105fece7, org.springframework.boot.test.autoconfigure.web.client.MockRestServiceServerResetTestExecutionListener@3ec300f1, org.springframework.boot.test.autoconfigure.web.servlet.MockMvcPrintOnlyOnFailureTestExecutionListener@482cd91f, org.springframework.boot.test.autoconfigure.web.servlet.WebDriverTestExecutionListener@123f1134]
[INFO ] 2020-04-12 14:03:37 [main] o.s.b.t.c.SpringBootTestContextBootstrapper - Neither @ContextConfiguration nor @ContextHierarchy found for test class [com.zk.myspringboot.SpringBootApplicationTests], using SpringBootContextLoader
[INFO ] 2020-04-12 14:03:37 [main] o.s.t.c.s.AbstractContextLoader - Could not detect default resource locations for test class [com.zk.myspringboot.SpringBootApplicationTests]: no resource found for suffixes {-context.xml, Context.groovy}.
[INFO ] 2020-04-12 14:03:37 [main] o.s.t.c.s.AnnotationConfigContextLoaderUtils - Could not detect default configuration classes for test class [com.zk.myspringboot.SpringBootApplicationTests]: SpringBootApplicationTests does not declare any static, non-private, non-final, nested classes annotated with @Configuration.
[INFO ] 2020-04-12 14:03:37 [main] o.s.b.t.c.SpringBootTestContextBootstrapper - Found @SpringBootConfiguration com.zk.myspringboot.SpringBootApplicationFirst for test class com.zk.myspringboot.SpringBootApplicationTests
[INFO ] 2020-04-12 14:03:37 [main] o.s.b.t.c.SpringBootTestContextBootstrapper - Loaded default TestExecutionListener class names from location [META-INF/spring.factories]: [org.springframework.boot.test.mock.mockito.MockitoTestExecutionListener, org.springframework.boot.test.mock.mockito.ResetMocksTestExecutionListener, org.springframework.boot.test.autoconfigure.restdocs.RestDocsTestExecutionListener, org.springframework.boot.test.autoconfigure.web.client.MockRestServiceServerResetTestExecutionListener, org.springframework.boot.test.autoconfigure.web.servlet.MockMvcPrintOnlyOnFailureTestExecutionListener, org.springframework.boot.test.autoconfigure.web.servlet.WebDriverTestExecutionListener, org.springframework.test.context.web.ServletTestExecutionListener, org.springframework.test.context.support.DirtiesContextBeforeModesTestExecutionListener, org.springframework.test.context.support.DependencyInjectionTestExecutionListener, org.springframework.test.context.support.DirtiesContextTestExecutionListener, org.springframework.test.context.transaction.TransactionalTestExecutionListener, org.springframework.test.context.jdbc.SqlScriptsTestExecutionListener]
[INFO ] 2020-04-12 14:03:37 [main] o.s.b.t.c.SpringBootTestContextBootstrapper - Could not instantiate TestExecutionListener [org.springframework.test.context.jdbc.SqlScriptsTestExecutionListener]. Specify custom listener classes or make the default listener classes (and their required dependencies) available. Offending class: [org/springframework/transaction/interceptor/TransactionAttribute]
[INFO ] 2020-04-12 14:03:37 [main] o.s.b.t.c.SpringBootTestContextBootstrapper - Could not instantiate TestExecutionListener [org.springframework.test.context.transaction.TransactionalTestExecutionListener]. Specify custom listener classes or make the default listener classes (and their required dependencies) available. Offending class: [org/springframework/transaction/interceptor/TransactionAttributeSource]
[INFO ] 2020-04-12 14:03:37 [main] o.s.b.t.c.SpringBootTestContextBootstrapper - Using TestExecutionListeners: [org.springframework.test.context.web.ServletTestExecutionListener@4c6e276e, org.springframework.test.context.support.DirtiesContextBeforeModesTestExecutionListener@534df152, org.springframework.boot.test.autoconfigure.SpringBootDependencyInjectionTestExecutionListener@52e677af, org.springframework.test.context.support.DirtiesContextTestExecutionListener@35083305, org.springframework.boot.test.autoconfigure.restdocs.RestDocsTestExecutionListener@8e0379d, org.springframework.boot.test.autoconfigure.web.servlet.WebDriverTestExecutionListener@341b80b2, org.springframework.boot.test.mock.mockito.MockitoTestExecutionListener@55a1c291, org.springframework.boot.test.mock.mockito.ResetMocksTestExecutionListener@2145433b, org.springframework.boot.test.autoconfigure.web.client.MockRestServiceServerResetTestExecutionListener@2890c451, org.springframework.boot.test.autoconfigure.web.servlet.MockMvcPrintOnlyOnFailureTestExecutionListener@40e6dfe1]
[INFO ] 2020-04-12 14:09:50 [main] c.z.m.SpringBootApplicationTests - Starting SpringBootApplicationTests on MS-20170731TKKC with PID 4504 (started by Administrator in E:\myeclipse2016workspace\myspringboot_009)
[INFO ] 2020-04-12 14:09:50 [main] c.z.m.SpringBootApplicationTests - The following profiles are active: dev
[INFO ] 2020-04-12 14:09:50 [main] o.s.w.c.s.GenericWebApplicationContext - Refreshing org.springframework.web.context.support.GenericWebApplicationContext@742ff096: startup date [Sun Apr 12 14:09:51 GMT+08:00 2020]; root of context hierarchy
[INFO ] 2020-04-12 14:09:50 [background-preinit] o.h.validator.internal.util.Version - HV000001: Hibernate Validator 5.2.4.Final
[INFO ] 2020-04-12 14:09:50 [main] o.s.w.s.m.m.a.RequestMappingHandlerAdapter - Looking for @ControllerAdvice: org.springframework.web.context.support.GenericWebApplicationContext@742ff096: startup date [Sun Apr 12 14:09:51 GMT+08:00 2020]; root of context hierarchy
[INFO ] 2020-04-12 14:09:50 [main] o.s.w.s.m.m.a.RequestMappingHandlerMapping - Mapped "{[/error]}" onto public org.springframework.http.ResponseEntity<java.util.Map<java.lang.String, java.lang.Object>> org.springframework.boot.autoconfigure.web.BasicErrorController.error(javax.servlet.http.HttpServletRequest)
[INFO ] 2020-04-12 14:09:50 [main] o.s.w.s.m.m.a.RequestMappingHandlerMapping - Mapped "{[/error],produces=[text/html]}" onto public org.springframework.web.servlet.ModelAndView org.springframework.boot.autoconfigure.web.BasicErrorController.errorHtml(javax.servlet.http.HttpServletRequest,javax.servlet.http.HttpServletResponse)
[INFO ] 2020-04-12 14:09:50 [main] o.s.w.s.h.SimpleUrlHandlerMapping - Mapped URL path [/webjars/**] onto handler of type [class org.springframework.web.servlet.resource.ResourceHttpRequestHandler]
[INFO ] 2020-04-12 14:09:50 [main] o.s.w.s.h.SimpleUrlHandlerMapping - Mapped URL path [/**] onto handler of type [class org.springframework.web.servlet.resource.ResourceHttpRequestHandler]
[INFO ] 2020-04-12 14:09:50 [main] o.s.w.s.h.SimpleUrlHandlerMapping - Mapped URL path [/**/favicon.ico] onto handler of type [class org.springframework.web.servlet.resource.ResourceHttpRequestHandler]
[INFO ] 2020-04-12 14:09:50 [main] c.z.m.SpringBootApplicationTests - Started SpringBootApplicationTests in 8.777 seconds (JVM running for 9.816)
[INFO ] 2020-04-12 14:09:50 [main] c.z.m.SpringBootApplicationTests - 这是info日志...
[INFO ] 2020-04-12 14:09:50 [Thread-1] o.s.w.c.s.GenericWebApplicationContext - Closing org.springframework.web.context.support.GenericWebApplicationContext@742ff096: startup date [Sun Apr 12 14:09:51 GMT+08:00 2020]; root of context hierarchy
[INFO ] 2020-04-12 15:00:28 [main] c.z.m.SpringBootApplicationTests - Starting SpringBootApplicationTests on MS-20170731TKKC with PID 6076 (started by Administrator in E:\myeclipse2016workspace\myspringboot_009)
[INFO ] 2020-04-12 15:00:28 [main] c.z.m.SpringBootApplicationTests - The following profiles are active: dev
[INFO ] 2020-04-12 15:00:28 [main] o.s.w.c.s.GenericWebApplicationContext - Refreshing org.springframework.web.context.support.GenericWebApplicationContext@742ff096: startup date [Sun Apr 12 15:00:30 GMT+08:00 2020]; root of context hierarchy
[INFO ] 2020-04-12 15:00:28 [background-preinit] o.h.validator.internal.util.Version - HV000001: Hibernate Validator 5.2.4.Final
[INFO ] 2020-04-12 15:00:28 [main] o.s.w.s.m.m.a.RequestMappingHandlerAdapter - Looking for @ControllerAdvice: org.springframework.web.context.support.GenericWebApplicationContext@742ff096: startup date [Sun Apr 12 15:00:30 GMT+08:00 2020]; root of context hierarchy
[INFO ] 2020-04-12 15:00:28 [main] o.s.w.s.m.m.a.RequestMappingHandlerMapping - Mapped "{[/error]}" onto public org.springframework.http.ResponseEntity<java.util.Map<java.lang.String, java.lang.Object>> org.springframework.boot.autoconfigure.web.BasicErrorController.error(javax.servlet.http.HttpServletRequest)
[INFO ] 2020-04-12 15:00:28 [main] o.s.w.s.m.m.a.RequestMappingHandlerMapping - Mapped "{[/error],produces=[text/html]}" onto public org.springframework.web.servlet.ModelAndView org.springframework.boot.autoconfigure.web.BasicErrorController.errorHtml(javax.servlet.http.HttpServletRequest,javax.servlet.http.HttpServletResponse)
[INFO ] 2020-04-12 15:00:28 [main] o.s.w.s.h.SimpleUrlHandlerMapping - Mapped URL path [/webjars/**] onto handler of type [class org.springframework.web.servlet.resource.ResourceHttpRequestHandler]
[INFO ] 2020-04-12 15:00:28 [main] o.s.w.s.h.SimpleUrlHandlerMapping - Mapped URL path [/**] onto handler of type [class org.springframework.web.servlet.resource.ResourceHttpRequestHandler]
[INFO ] 2020-04-12 15:00:28 [main] o.s.w.s.h.SimpleUrlHandlerMapping - Mapped URL path [/**/favicon.ico] onto handler of type [class org.springframework.web.servlet.resource.ResourceHttpRequestHandler]
[INFO ] 2020-04-12 15:00:28 [main] c.z.m.SpringBootApplicationTests - Started SpringBootApplicationTests in 11.282 seconds (JVM running for 12.414)
[INFO ] 2020-04-12 15:00:28 [main] c.z.m.SpringBootApplicationTests - 这是info日志...
[INFO ] 2020-04-12 15:00:28 [Thread-1] o.s.w.c.s.GenericWebApplicationContext - Closing org.springframework.web.context.support.GenericWebApplicationContext@742ff096: startup date [Sun Apr 12 15:00:30 GMT+08:00 2020]; root of context hierarchy
[INFO ] 2020-04-12 15:01:23 [main] c.z.m.SpringBootApplicationTests - Starting SpringBootApplicationTests on MS-20170731TKKC with PID 5356 (started by Administrator in E:\myeclipse2016workspace\myspringboot_009)
[INFO ] 2020-04-12 15:01:23 [main] c.z.m.SpringBootApplicationTests - The following profiles are active: edev
[INFO ] 2020-04-12 15:01:23 [main] o.s.w.c.s.GenericWebApplicationContext - Refreshing org.springframework.web.context.support.GenericWebApplicationContext@742ff096: startup date [Sun Apr 12 15:01:23 GMT+08:00 2020]; root of context hierarchy
[INFO ] 2020-04-12 15:01:23 [background-preinit] o.h.validator.internal.util.Version - HV000001: Hibernate Validator 5.2.4.Final
[INFO ] 2020-04-12 15:01:23 [main] o.s.w.s.m.m.a.RequestMappingHandlerAdapter - Looking for @ControllerAdvice: org.springframework.web.context.support.GenericWebApplicationContext@742ff096: startup date [Sun Apr 12 15:01:23 GMT+08:00 2020]; root of context hierarchy
[INFO ] 2020-04-12 15:01:23 [main] o.s.w.s.m.m.a.RequestMappingHandlerMapping - Mapped "{[/error]}" onto public org.springframework.http.ResponseEntity<java.util.Map<java.lang.String, java.lang.Object>> org.springframework.boot.autoconfigure.web.BasicErrorController.error(javax.servlet.http.HttpServletRequest)
[INFO ] 2020-04-12 15:01:23 [main] o.s.w.s.m.m.a.RequestMappingHandlerMapping - Mapped "{[/error],produces=[text/html]}" onto public org.springframework.web.servlet.ModelAndView org.springframework.boot.autoconfigure.web.BasicErrorController.errorHtml(javax.servlet.http.HttpServletRequest,javax.servlet.http.HttpServletResponse)
[INFO ] 2020-04-12 15:01:23 [main] o.s.w.s.h.SimpleUrlHandlerMapping - Mapped URL path [/webjars/**] onto handler of type [class org.springframework.web.servlet.resource.ResourceHttpRequestHandler]
[INFO ] 2020-04-12 15:01:23 [main] o.s.w.s.h.SimpleUrlHandlerMapping - Mapped URL path [/**] onto handler of type [class org.springframework.web.servlet.resource.ResourceHttpRequestHandler]
[INFO ] 2020-04-12 15:01:23 [main] o.s.w.s.h.SimpleUrlHandlerMapping - Mapped URL path [/**/favicon.ico] onto handler of type [class org.springframework.web.servlet.resource.ResourceHttpRequestHandler]
[INFO ] 2020-04-12 15:01:23 [main] c.z.m.SpringBootApplicationTests - Started SpringBootApplicationTests in 4.617 seconds (JVM running for 5.533)
[INFO ] 2020-04-12 15:01:23 [main] c.z.m.SpringBootApplicationTests - 这是info日志...
[INFO ] 2020-04-12 15:01:23 [Thread-1] o.s.w.c.s.GenericWebApplicationContext - Closing org.springframework.web.context.support.GenericWebApplicationContext@742ff096: startup date [Sun Apr 12 15:01:23 GMT+08:00 2020]; root of context hierarchy
[INFO ] 2020-04-12 15:01:44 [main] c.z.m.SpringBootApplicationTests - Starting SpringBootApplicationTests on MS-20170731TKKC with PID 4792 (started by Administrator in E:\myeclipse2016workspace\myspringboot_009)
[INFO ] 2020-04-12 15:01:44 [main] c.z.m.SpringBootApplicationTests - The following profiles are active: prod
[INFO ] 2020-04-12 15:01:44 [main] o.s.w.c.s.GenericWebApplicationContext - Refreshing org.springframework.web.context.support.GenericWebApplicationContext@742ff096: startup date [Sun Apr 12 15:01:45 GMT+08:00 2020]; root of context hierarchy
[INFO ] 2020-04-12 15:01:44 [background-preinit] o.h.validator.internal.util.Version - HV000001: Hibernate Validator 5.2.4.Final
[INFO ] 2020-04-12 15:01:44 [main] o.s.w.s.m.m.a.RequestMappingHandlerAdapter - Looking for @ControllerAdvice: org.springframework.web.context.support.GenericWebApplicationContext@742ff096: startup date [Sun Apr 12 15:01:45 GMT+08:00 2020]; root of context hierarchy
[INFO ] 2020-04-12 15:01:44 [main] o.s.w.s.m.m.a.RequestMappingHandlerMapping - Mapped "{[/error]}" onto public org.springframework.http.ResponseEntity<java.util.Map<java.lang.String, java.lang.Object>> org.springframework.boot.autoconfigure.web.BasicErrorController.error(javax.servlet.http.HttpServletRequest)
[INFO ] 2020-04-12 15:01:44 [main] o.s.w.s.m.m.a.RequestMappingHandlerMapping - Mapped "{[/error],produces=[text/html]}" onto public org.springframework.web.servlet.ModelAndView org.springframework.boot.autoconfigure.web.BasicErrorController.errorHtml(javax.servlet.http.HttpServletRequest,javax.servlet.http.HttpServletResponse)
[INFO ] 2020-04-12 15:01:44 [main] o.s.w.s.h.SimpleUrlHandlerMapping - Mapped URL path [/webjars/**] onto handler of type [class org.springframework.web.servlet.resource.ResourceHttpRequestHandler]
[INFO ] 2020-04-12 15:01:44 [main] o.s.w.s.h.SimpleUrlHandlerMapping - Mapped URL path [/**] onto handler of type [class org.springframework.web.servlet.resource.ResourceHttpRequestHandler]
[INFO ] 2020-04-12 15:01:44 [main] o.s.w.s.h.SimpleUrlHandlerMapping - Mapped URL path [/**/favicon.ico] onto handler of type [class org.springframework.web.servlet.resource.ResourceHttpRequestHandler]
[INFO ] 2020-04-12 15:01:44 [main] c.z.m.SpringBootApplicationTests - Started SpringBootApplicationTests in 4.88 seconds (JVM running for 5.87)
[INFO ] 2020-04-12 15:01:44 [main] c.z.m.SpringBootApplicationTests - 这是info日志...
[INFO ] 2020-04-12 15:01:44 [Thread-1] o.s.w.c.s.GenericWebApplicationContext - Closing org.springframework.web.context.support.GenericWebApplicationContext@742ff096: startup date [Sun Apr 12 15:01:45 GMT+08:00 2020]; root of context hierarchy
[INFO ] 2020-04-12 15:25:49 [main] c.z.m.SpringBootApplicationTests - Starting SpringBootApplicationTests on MS-20170731TKKC with PID 6520 (started by Administrator in E:\myeclipse2016workspace\myspringboot_009)
[INFO ] 2020-04-12 15:25:49 [main] c.z.m.SpringBootApplicationTests - The following profiles are active: prod
[INFO ] 2020-04-12 15:25:49 [main] o.s.w.c.s.GenericWebApplicationContext - Refreshing org.springframework.web.context.support.GenericWebApplicationContext@742ff096: startup date [Sun Apr 12 15:25:50 GMT+08:00 2020]; root of context hierarchy
[INFO ] 2020-04-12 15:25:49 [background-preinit] o.h.validator.internal.util.Version - HV000001: Hibernate Validator 5.2.4.Final
[INFO ] 2020-04-12 15:25:49 [main] o.s.w.s.m.m.a.RequestMappingHandlerAdapter - Looking for @ControllerAdvice: org.springframework.web.context.support.GenericWebApplicationContext@742ff096: startup date [Sun Apr 12 15:25:50 GMT+08:00 2020]; root of context hierarchy
[INFO ] 2020-04-12 15:25:49 [main] o.s.w.s.m.m.a.RequestMappingHandlerMapping - Mapped "{[/error]}" onto public org.springframework.http.ResponseEntity<java.util.Map<java.lang.String, java.lang.Object>> org.springframework.boot.autoconfigure.web.BasicErrorController.error(javax.servlet.http.HttpServletRequest)
[INFO ] 2020-04-12 15:25:49 [main] o.s.w.s.m.m.a.RequestMappingHandlerMapping - Mapped "{[/error],produces=[text/html]}" onto public org.springframework.web.servlet.ModelAndView org.springframework.boot.autoconfigure.web.BasicErrorController.errorHtml(javax.servlet.http.HttpServletRequest,javax.servlet.http.HttpServletResponse)
[INFO ] 2020-04-12 15:25:49 [main] o.s.w.s.h.SimpleUrlHandlerMapping - Mapped URL path [/webjars/**] onto handler of type [class org.springframework.web.servlet.resource.ResourceHttpRequestHandler]
[INFO ] 2020-04-12 15:25:49 [main] o.s.w.s.h.SimpleUrlHandlerMapping - Mapped URL path [/**] onto handler of type [class org.springframework.web.servlet.resource.ResourceHttpRequestHandler]
[INFO ] 2020-04-12 15:25:49 [main] o.s.w.s.h.SimpleUrlHandlerMapping - Mapped URL path [/**/favicon.ico] onto handler of type [class org.springframework.web.servlet.resource.ResourceHttpRequestHandler]
[INFO ] 2020-04-12 15:25:49 [main] c.z.m.SpringBootApplicationTests - Started SpringBootApplicationTests in 5.487 seconds (JVM running for 6.842)
[INFO ] 2020-04-12 15:25:49 [main] c.z.m.SpringBootApplicationTests - 这是info日志...
[INFO ] 2020-04-12 15:25:49 [Thread-1] o.s.w.c.s.GenericWebApplicationContext - Closing org.springframework.web.context.support.GenericWebApplicationContext@742ff096: startup date [Sun Apr 12 15:25:50 GMT+08:00 2020]; root of context hierarchy
